#
# A fatal error has been detected by the Java Runtime Environment:
#
#  SIGSEGV (0xb) at pc=0x000000010358015f, pid=32585, tid=13315
#
# JRE version: Java(TM) SE Runtime Environment (10.0.2+13) (build 10.0.2+13)
# Java VM: Java HotSpot(TM) 64-Bit Server VM (10.0.2+13, mixed mode, tiered, compressed oops, g1 gc, bsd-amd64)
# Problematic frame:
# V  [libjvm.dylib+0x38015f]  GenerateOopMap::bb_mark_fct(GenerateOopMap*, int, int*)+0x19
#
# No core dump will be written. Core dumps have been disabled. To enable core dumping, try "ulimit -c unlimited" before starting Java again
#
# If you would like to submit a bug report, please visit:
#   http://bugreport.java.com/bugreport/crash.jsp
#

---------------  S U M M A R Y ------------

Command Line: -agentlib:jdwp=transport=dt_socket,address=127.0.0.1:51555,suspend=y,server=n -ea -Didea.test.cyclic.buffer.size=1048576 -javaagent:/Users/rafrausin/Library/Caches/IdeaIC2018.2/groovyHotSwap/gragent.jar -javaagent:/Users/rafrausin/Library/Caches/IdeaIC2018.2/captureAgent/debugger-agent.jar=file:/private/var/folders/d9/8sq6x06j2vsbnj47d201wy600000gp/T/capture.props -Dfile.encoding=UTF-8 com.intellij.rt.execution.junit.JUnitStarter -ideVersion5 -junit4 MatrixTest,testCreateMatrix

Host: MacBookPro14,2 x86_64 3100 MHz, 4 cores, 8G, Darwin 18.2.0
Time: Thu Nov 29 17:10:38 2018 -02 elapsed time: 1882 seconds (0d 0h 31m 22s)

---------------  T H R E A D  ---------------

Current thread (0x00007fbd2c005800):  VMThread "VM Thread" [stack: 0x000070000b035000,0x000070000b135000] [id=13315]

Stack: [0x000070000b035000,0x000070000b135000],  sp=0x000070000b134650,  free space=1021k
Native frames: (J=compiled Java code, A=aot compiled Java code, j=interpreted, Vv=VM code, C=native code)
V  [libjvm.dylib+0x38015f]  GenerateOopMap::bb_mark_fct(GenerateOopMap*, int, int*)+0x19
V  [libjvm.dylib+0x3803aa]  GenerateOopMap::jump_targets_do(BytecodeStream*, void (*)(GenerateOopMap*, int, int*), int*)+0x90
V  [libjvm.dylib+0x380281]  GenerateOopMap::mark_bbheaders_and_count_gc_points()+0xe9
V  [libjvm.dylib+0x383573]  GenerateOopMap::compute_map(Thread*)+0x15d
V  [libjvm.dylib+0x62b7d8]  OopMapForCacheEntry::compute_map(Thread*)+0x60
V  [libjvm.dylib+0x62c0c4]  OopMapCacheEntry::fill(methodHandle const&, int)+0xac
V  [libjvm.dylib+0x62ca8c]  OopMapCache::compute_one_oop_map(methodHandle const&, int, InterpreterOopMap*)+0x11a
V  [libjvm.dylib+0x5f1155]  Method::mask_for(int, InterpreterOopMap*)+0x7f
V  [libjvm.dylib+0x4dda69]  VM_GetOrSetLocal::doit()+0x47
V  [libjvm.dylib+0x7a38d9]  VM_Operation::evaluate()+0xf1
V  [libjvm.dylib+0x7a2dc2]  VMThread::evaluate_operation(VM_Operation*)+0xd4
V  [libjvm.dylib+0x7a2a76]  VMThread::loop()+0x340
V  [libjvm.dylib+0x7a2649]  VMThread::run()+0x75
V  [libjvm.dylib+0x633a5f]  thread_native_entry(Thread*)+0x12b
C  [libsystem_pthread.dylib+0x3339]  _pthread_body+0x7e
C  [libsystem_pthread.dylib+0x62a7]  _pthread_start+0x46
C  [libsystem_pthread.dylib+0x2445]  thread_start+0xd


siginfo: si_signo: 11 (SIGSEGV), si_code: 0 (unknown), si_addr: 0x0000000000000000

Register to memory mapping:

RAX=0x00000000ffffcb5f is an unknown value
RBX=0x000070000b134848 is an unknown value
RCX=0x00007fbd2b510f60 is an unknown value
RDX=0x03ffffffffffff2d is an unknown value
RSP=0x000070000b134650 is an unknown value
RBP=0x000070000b134660 is an unknown value
RSI=0xffffffffffffcb5f is an unknown value
RDI=0x000070000b134848 is an unknown value
R8 =0x0000000000000020 is an unknown value
R9 =0x00007fbd2b600000 is an unknown value
R10=0x00000000001fffff is an unknown value
R11=0x0000000000000019 is an unknown value
R12=0x000070000b134848 is an unknown value
R13=0x000000000000007b is an unknown value
R14=0x0000000103580146: _ZN14GenerateOopMap11bb_mark_fctEPS_iPi+0 in /Library/Java/JavaVirtualMachines/jdk-10.0.2.jdk/Contents/Home/lib/server/libjvm.dylib at 0x0000000103200000
R15=0x0000000000000000 is an unknown value


Registers:
RAX=0x00000000ffffcb5f, RBX=0x000070000b134848, RCX=0x00007fbd2b510f60, RDX=0x03ffffffffffff2d
RSP=0x000070000b134650, RBP=0x000070000b134660, RSI=0xffffffffffffcb5f, RDI=0x000070000b134848
R8 =0x0000000000000020, R9 =0x00007fbd2b600000, R10=0x00000000001fffff, R11=0x0000000000000019
R12=0x000070000b134848, R13=0x000000000000007b, R14=0x0000000103580146, R15=0x0000000000000000
RIP=0x000000010358015f, EFLAGS=0x0000000000010a06, ERR=0x0000000000000000
  TRAPNO=0x000000000000000d

Top of Stack: (sp=0x000070000b134650)
0x000070000b134650:   000000010bd9cae4 000070000b134601
0x000070000b134660:   000070000b1346c0 00000001035803aa
0x000070000b134670:   000070000b1346e0 00000000ffffffff
0x000070000b134680:   000070000b1346c0 0000000103583e2f
0x000070000b134690:   000000010bd90378 000070000b1346e0
0x000070000b1346a0:   000070000b134848 0000000000000001
0x000070000b1346b0:   00000000000000a7 000000000000007b
0x000070000b1346c0:   000070000b134740 0000000103580281
0x000070000b1346d0:   0000000000000000 0000000103570000
0x000070000b1346e0:   00007fbd2b70d660 000000010bd904d0
0x000070000b1346f0:   00007fbd2c005800 0000007e0000007b
0x000070000b134700:   000000a700000087 000000a700000000
0x000070000b134710:   c3cf6133ef87007e 000070000b134848
0x000070000b134720:   00007fbd2b510f10 000070000b94c9d8
0x000070000b134730:   00007fbd2c005800 00007fbd2b510f10
0x000070000b134740:   000070000b1347e0 0000000103583573
0x000070000b134750:   000070000b130000 0000000000000000
0x000070000b134760:   0000003000000010 000070000b134c00
0x000070000b134770:   000070000b134bd0 0000000000000000
0x000070000b134780:   0000000000000000 000070000b130100
0x000070000b134790:   0000000000000000 00007fff6aa594a4
0x000070000b1347a0:   0000000000000a00 0000000000000002
0x000070000b1347b0:   00000001039fb53b 0000000000000000
0x000070000b1347c0:   000070000b134848 000070000b134848
0x000070000b1347d0:   00007fbd2c005800 000070000b1349e0
0x000070000b1347e0:   000070000b134830 000000010382b7d8
0x000070000b1347f0:   00007fbd2b70d660 00007fbd2b510eb0
0x000070000b134800:   00007fbd2b510ec0 00007fbd2b511298
0x000070000b134810:   00000000000003d8 00007fbd2b653740
0x000070000b134820:   0000000000000030 000070000b1349e0
0x000070000b134830:   000070000b134970 000000010382c0c4
0x000070000b134840:   0000000000000000 0000000103b40c40 

Instructions: (pc=0x000000010358015f)
0x000000010358013f:   28 5d e9 b6 4f dd ff 55 48 89 e5 53 50 89 f0 48
0x000000010358014f:   89 fb 48 63 f0 48 8b 4b 70 48 89 f2 48 c1 ea 06
0x000000010358015f:   48 8b 0c d1 48 0f a3 c1 72 11 48 8d 7b 70 ba 01
0x000000010358016f:   00 00 00 e8 bf 56 dd ff ff 43 6c 48 83 c4 08 5b 

VM_Operation (0x000070000b94c9d8): GetOrSetLocal, mode: safepoint, requested by thread 0x00007fbd2b892000


---------------  P R O C E S S  ---------------

Threads class SMR info:
_java_thread_list=0x00007fbd2b6543a0, length=13, elements={
0x00007fbd2b805800, 0x00007fbd2c029000, 0x00007fbd2b821000, 0x00007fbd2c851000,
0x00007fbd2c03d000, 0x00007fbd2d05f800, 0x00007fbd2c046000, 0x00007fbd2d05b000,
0x00007fbd2b892000, 0x00007fbd2c8dc800, 0x00007fbd2c8df800, 0x00007fbd2d037000,
0x00007fbd2d091000
}

Java Threads: ( => current thread )
  0x00007fbd2b805800 JavaThread "main" [_thread_blocked, id=8707, stack(0x000070000a411000,0x000070000a511000)]
  0x00007fbd2c029000 JavaThread "Reference Handler" daemon [_thread_blocked, id=16387, stack(0x000070000b138000,0x000070000b238000)]
  0x00007fbd2b821000 JavaThread "Finalizer" daemon [_thread_blocked, id=15619, stack(0x000070000b23b000,0x000070000b33b000)]
  0x00007fbd2c851000 JavaThread "Signal Dispatcher" daemon [_thread_blocked, id=43011, stack(0x000070000b33e000,0x000070000b43e000)]
  0x00007fbd2c03d000 JavaThread "C2 CompilerThread0" daemon [_thread_blocked, id=42499, stack(0x000070000b441000,0x000070000b541000)]
  0x00007fbd2d05f800 JavaThread "C2 CompilerThread1" daemon [_thread_blocked, id=41987, stack(0x000070000b544000,0x000070000b644000)]
  0x00007fbd2c046000 JavaThread "C1 CompilerThread2" daemon [_thread_blocked, id=23043, stack(0x000070000b647000,0x000070000b747000)]
  0x00007fbd2d05b000 JavaThread "Sweeper thread" daemon [_thread_blocked, id=23555, stack(0x000070000b74a000,0x000070000b84a000)]
  0x00007fbd2b892000 JavaThread "JDWP Transport Listener: dt_socket" daemon [_thread_blocked, id=40963, stack(0x000070000b84d000,0x000070000b94d000)] _threads_hazard_ptr=0x00007fbd2b6543a0
  0x00007fbd2c8dc800 JavaThread "JDWP Event Helper Thread" daemon [_thread_blocked, id=24835, stack(0x000070000b950000,0x000070000ba50000)]
  0x00007fbd2c8df800 JavaThread "JDWP Command Reader" daemon [_thread_in_native, id=40451, stack(0x000070000ba53000,0x000070000bb53000)]
  0x00007fbd2d037000 JavaThread "Common-Cleaner" daemon [_thread_blocked, id=39939, stack(0x000070000bb56000,0x000070000bc56000)]
  0x00007fbd2d091000 JavaThread "Service Thread" daemon [_thread_blocked, id=39427, stack(0x000070000bc59000,0x000070000bd59000)]

Other Threads:
=>0x00007fbd2c005800 VMThread "VM Thread" [stack: 0x000070000b035000,0x000070000b135000] [id=13315]
  0x00007fbd2b840000 WatcherThread [stack: 0x000070000bd5c000,0x000070000be5c000] [id=25859]
  0x00007fbd2d010000 GCTaskThread "GC Thread#0" [stack: 0x000070000a514000,0x000070000a614000] [id=20995]
  0x00007fbd2b806000 GCTaskThread "GC Thread#1" [stack: 0x000070000a617000,0x000070000a717000] [id=11779]
  0x00007fbd2d00a000 GCTaskThread "GC Thread#2" [stack: 0x000070000a71a000,0x000070000a81a000] [id=20739]
  0x00007fbd2d00b000 GCTaskThread "GC Thread#3" [stack: 0x000070000a81d000,0x000070000a91d000] [id=20227]
  0x00007fbd2d036800 ConcurrentGCThread "G1 Main Marker" [stack: 0x000070000a920000,0x000070000aa20000] [id=19715]
  0x00007fbd2c802000 ConcurrentGCThread "G1 Conc#0" [stack: 0x000070000aa23000,0x000070000ab23000] [id=18947]
  0x00007fbd2b807800 ConcurrentGCThread "G1 Refine#0" [stack: 0x000070000ab26000,0x000070000ac26000] [id=12547]
  0x00007fbd2b810800 ConcurrentGCThread "G1 Refine#1" [stack: 0x000070000ac29000,0x000070000ad29000] [id=12803]
  0x00007fbd2b811800 ConcurrentGCThread "G1 Refine#2" [stack: 0x000070000ad2c000,0x000070000ae2c000] [id=17923]
  0x00007fbd2b812000 ConcurrentGCThread "G1 Refine#3" [stack: 0x000070000ae2f000,0x000070000af2f000] [id=13059]
  0x00007fbd2c842800 ConcurrentGCThread "G1 Young RemSet Sampling" [stack: 0x000070000af32000,0x000070000b032000] [id=17155]

Threads with active compile tasks:

VM state:at safepoint (normal execution)

VM Mutex/Monitor currently owned by a thread:  ([mutex/lock_event])
[0x00007fbd2b709840] Threads_lock - owner thread: 0x00007fbd2c005800

Heap address: 0x0000000740000000, size: 2048 MB, Compressed Oops mode: Zero based, Oop shift amount: 3
Narrow klass base: 0x0000000000000000, Narrow klass shift: 3
Compressed class space size: 1073741824 Address: 0x00000007c0000000

Heap:
 garbage-first heap   total 131072K, used 10240K [0x0000000740000000, 0x00000007c0000000)
  region size 1024K, 11 young (11264K), 0 survivors (0K)
 Metaspace       used 8812K, capacity 8927K, committed 9088K, reserved 1056768K
  class space    used 801K, capacity 870K, committed 896K, reserved 1048576K
Heap Regions: E=young(eden), S=young(survivor), O=old, HS=humongous(starts), HC=humongous(continues), CS=collection set, F=free, A=archive, TS=gc time stamp, AC=allocation context, TAMS=top-at-mark-start (previous, next)
|   0|0x0000000740000000, 0x0000000740000000, 0x0000000740100000|  0%| F|  |TS  0|AC  0|TAMS 0x0000000740000000, 0x0000000740000000|
|   1|0x0000000740100000, 0x0000000740100000, 0x0000000740200000|  0%| F|  |TS  0|AC  0|TAMS 0x0000000740100000, 0x0000000740100000|
|   2|0x0000000740200000, 0x0000000740200000, 0x0000000740300000|  0%| F|  |TS  0|AC  0|TAMS 0x0000000740200000, 0x0000000740200000|
|   3|0x0000000740300000, 0x0000000740300000, 0x0000000740400000|  0%| F|  |TS  0|AC  0|TAMS 0x0000000740300000, 0x0000000740300000|
|   4|0x0000000740400000, 0x0000000740400000, 0x0000000740500000|  0%| F|  |TS  0|AC  0|TAMS 0x0000000740400000, 0x0000000740400000|
|   5|0x0000000740500000, 0x0000000740500000, 0x0000000740600000|  0%| F|  |TS  0|AC  0|TAMS 0x0000000740500000, 0x0000000740500000|
|   6|0x0000000740600000, 0x0000000740600000, 0x0000000740700000|  0%| F|  |TS  0|AC  0|TAMS 0x0000000740600000, 0x0000000740600000|
|   7|0x0000000740700000, 0x0000000740700000, 0x0000000740800000|  0%| F|  |TS  0|AC  0|TAMS 0x0000000740700000, 0x0000000740700000|
|   8|0x0000000740800000, 0x0000000740800000, 0x0000000740900000|  0%| F|  |TS  0|AC  0|TAMS 0x0000000740800000, 0x0000000740800000|
|   9|0x0000000740900000, 0x0000000740900000, 0x0000000740a00000|  0%| F|  |TS  0|AC  0|TAMS 0x0000000740900000, 0x0000000740900000|
|  10|0x0000000740a00000, 0x0000000740a00000, 0x0000000740b00000|  0%| F|  |TS  0|AC  0|TAMS 0x0000000740a00000, 0x0000000740a00000|
|  11|0x0000000740b00000, 0x0000000740b00000, 0x0000000740c00000|  0%| F|  |TS  0|AC  0|TAMS 0x0000000740b00000, 0x0000000740b00000|
|  12|0x0000000740c00000, 0x0000000740c00000, 0x0000000740d00000|  0%| F|  |TS  0|AC  0|TAMS 0x0000000740c00000, 0x0000000740c00000|
|  13|0x0000000740d00000, 0x0000000740d00000, 0x0000000740e00000|  0%| F|  |TS  0|AC  0|TAMS 0x0000000740d00000, 0x0000000740d00000|
|  14|0x0000000740e00000, 0x0000000740e00000, 0x0000000740f00000|  0%| F|  |TS  0|AC  0|TAMS 0x0000000740e00000, 0x0000000740e00000|
|  15|0x0000000740f00000, 0x0000000740f00000, 0x0000000741000000|  0%| F|  |TS  0|AC  0|TAMS 0x0000000740f00000, 0x0000000740f00000|
|  16|0x0000000741000000, 0x0000000741000000, 0x0000000741100000|  0%| F|  |TS  0|AC  0|TAMS 0x0000000741000000, 0x0000000741000000|
|  17|0x0000000741100000, 0x0000000741100000, 0x0000000741200000|  0%| F|  |TS  0|AC  0|TAMS 0x0000000741100000, 0x0000000741100000|
|  18|0x0000000741200000, 0x0000000741200000, 0x0000000741300000|  0%| F|  |TS  0|AC  0|TAMS 0x0000000741200000, 0x0000000741200000|
|  19|0x0000000741300000, 0x0000000741300000, 0x0000000741400000|  0%| F|  |TS  0|AC  0|TAMS 0x0000000741300000, 0x0000000741300000|
|  20|0x0000000741400000, 0x0000000741400000, 0x0000000741500000|  0%| F|  |TS  0|AC  0|TAMS 0x0000000741400000, 0x0000000741400000|
|  21|0x0000000741500000, 0x0000000741500000, 0x0000000741600000|  0%| F|  |TS  0|AC  0|TAMS 0x0000000741500000, 0x0000000741500000|
|  22|0x0000000741600000, 0x0000000741600000, 0x0000000741700000|  0%| F|  |TS  0|AC  0|TAMS 0x0000000741600000, 0x0000000741600000|
|  23|0x0000000741700000, 0x0000000741700000, 0x0000000741800000|  0%| F|  |TS  0|AC  0|TAMS 0x0000000741700000, 0x0000000741700000|
|  24|0x0000000741800000, 0x0000000741800000, 0x0000000741900000|  0%| F|  |TS  0|AC  0|TAMS 0x0000000741800000, 0x0000000741800000|
|  25|0x0000000741900000, 0x0000000741900000, 0x0000000741a00000|  0%| F|  |TS  0|AC  0|TAMS 0x0000000741900000, 0x0000000741900000|
|  26|0x0000000741a00000, 0x0000000741a00000, 0x0000000741b00000|  0%| F|  |TS  0|AC  0|TAMS 0x0000000741a00000, 0x0000000741a00000|
|  27|0x0000000741b00000, 0x0000000741b00000, 0x0000000741c00000|  0%| F|  |TS  0|AC  0|TAMS 0x0000000741b00000, 0x0000000741b00000|
|  28|0x0000000741c00000, 0x0000000741c00000, 0x0000000741d00000|  0%| F|  |TS  0|AC  0|TAMS 0x0000000741c00000, 0x0000000741c00000|
|  29|0x0000000741d00000, 0x0000000741d00000, 0x0000000741e00000|  0%| F|  |TS  0|AC  0|TAMS 0x0000000741d00000, 0x0000000741d00000|
|  30|0x0000000741e00000, 0x0000000741e00000, 0x0000000741f00000|  0%| F|  |TS  0|AC  0|TAMS 0x0000000741e00000, 0x0000000741e00000|
|  31|0x0000000741f00000, 0x0000000741f00000, 0x0000000742000000|  0%| F|  |TS  0|AC  0|TAMS 0x0000000741f00000, 0x0000000741f00000|
|  32|0x0000000742000000, 0x0000000742000000, 0x0000000742100000|  0%| F|  |TS  0|AC  0|TAMS 0x0000000742000000, 0x0000000742000000|
|  33|0x0000000742100000, 0x0000000742100000, 0x0000000742200000|  0%| F|  |TS  0|AC  0|TAMS 0x0000000742100000, 0x0000000742100000|
|  34|0x0000000742200000, 0x0000000742200000, 0x0000000742300000|  0%| F|  |TS  0|AC  0|TAMS 0x0000000742200000, 0x0000000742200000|
|  35|0x0000000742300000, 0x0000000742300000, 0x0000000742400000|  0%| F|  |TS  0|AC  0|TAMS 0x0000000742300000, 0x0000000742300000|
|  36|0x0000000742400000, 0x0000000742400000, 0x0000000742500000|  0%| F|  |TS  0|AC  0|TAMS 0x0000000742400000, 0x0000000742400000|
|  37|0x0000000742500000, 0x0000000742500000, 0x0000000742600000|  0%| F|  |TS  0|AC  0|TAMS 0x0000000742500000, 0x0000000742500000|
|  38|0x0000000742600000, 0x0000000742600000, 0x0000000742700000|  0%| F|  |TS  0|AC  0|TAMS 0x0000000742600000, 0x0000000742600000|
|  39|0x0000000742700000, 0x0000000742700000, 0x0000000742800000|  0%| F|  |TS  0|AC  0|TAMS 0x0000000742700000, 0x0000000742700000|
|  40|0x0000000742800000, 0x0000000742800000, 0x0000000742900000|  0%| F|  |TS  0|AC  0|TAMS 0x0000000742800000, 0x0000000742800000|
|  41|0x0000000742900000, 0x0000000742900000, 0x0000000742a00000|  0%| F|  |TS  0|AC  0|TAMS 0x0000000742900000, 0x0000000742900000|
|  42|0x0000000742a00000, 0x0000000742a00000, 0x0000000742b00000|  0%| F|  |TS  0|AC  0|TAMS 0x0000000742a00000, 0x0000000742a00000|
|  43|0x0000000742b00000, 0x0000000742b00000, 0x0000000742c00000|  0%| F|  |TS  0|AC  0|TAMS 0x0000000742b00000, 0x0000000742b00000|
|  44|0x0000000742c00000, 0x0000000742c00000, 0x0000000742d00000|  0%| F|  |TS  0|AC  0|TAMS 0x0000000742c00000, 0x0000000742c00000|
|  45|0x0000000742d00000, 0x0000000742d00000, 0x0000000742e00000|  0%| F|  |TS  0|AC  0|TAMS 0x0000000742d00000, 0x0000000742d00000|
|  46|0x0000000742e00000, 0x0000000742e00000, 0x0000000742f00000|  0%| F|  |TS  0|AC  0|TAMS 0x0000000742e00000, 0x0000000742e00000|
|  47|0x0000000742f00000, 0x0000000742f00000, 0x0000000743000000|  0%| F|  |TS  0|AC  0|TAMS 0x0000000742f00000, 0x0000000742f00000|
|  48|0x0000000743000000, 0x0000000743000000, 0x0000000743100000|  0%| F|  |TS  0|AC  0|TAMS 0x0000000743000000, 0x0000000743000000|
|  49|0x0000000743100000, 0x0000000743100000, 0x0000000743200000|  0%| F|  |TS  0|AC  0|TAMS 0x0000000743100000, 0x0000000743100000|
|  50|0x0000000743200000, 0x0000000743200000, 0x0000000743300000|  0%| F|  |TS  0|AC  0|TAMS 0x0000000743200000, 0x0000000743200000|
|  51|0x0000000743300000, 0x0000000743300000, 0x0000000743400000|  0%| F|  |TS  0|AC  0|TAMS 0x0000000743300000, 0x0000000743300000|
|  52|0x0000000743400000, 0x0000000743400000, 0x0000000743500000|  0%| F|  |TS  0|AC  0|TAMS 0x0000000743400000, 0x0000000743400000|
|  53|0x0000000743500000, 0x0000000743500000, 0x0000000743600000|  0%| F|  |TS  0|AC  0|TAMS 0x0000000743500000, 0x0000000743500000|
|  54|0x0000000743600000, 0x0000000743600000, 0x0000000743700000|  0%| F|  |TS  0|AC  0|TAMS 0x0000000743600000, 0x0000000743600000|
|  55|0x0000000743700000, 0x0000000743700000, 0x0000000743800000|  0%| F|  |TS  0|AC  0|TAMS 0x0000000743700000, 0x0000000743700000|
|  56|0x0000000743800000, 0x0000000743800000, 0x0000000743900000|  0%| F|  |TS  0|AC  0|TAMS 0x0000000743800000, 0x0000000743800000|
|  57|0x0000000743900000, 0x0000000743900000, 0x0000000743a00000|  0%| F|  |TS  0|AC  0|TAMS 0x0000000743900000, 0x0000000743900000|
|  58|0x0000000743a00000, 0x0000000743a00000, 0x0000000743b00000|  0%| F|  |TS  0|AC  0|TAMS 0x0000000743a00000, 0x0000000743a00000|
|  59|0x0000000743b00000, 0x0000000743b00000, 0x0000000743c00000|  0%| F|  |TS  0|AC  0|TAMS 0x0000000743b00000, 0x0000000743b00000|
|  60|0x0000000743c00000, 0x0000000743c00000, 0x0000000743d00000|  0%| F|  |TS  0|AC  0|TAMS 0x0000000743c00000, 0x0000000743c00000|
|  61|0x0000000743d00000, 0x0000000743d00000, 0x0000000743e00000|  0%| F|  |TS  0|AC  0|TAMS 0x0000000743d00000, 0x0000000743d00000|
|  62|0x0000000743e00000, 0x0000000743e00000, 0x0000000743f00000|  0%| F|  |TS  0|AC  0|TAMS 0x0000000743e00000, 0x0000000743e00000|
|  63|0x0000000743f00000, 0x0000000743f00000, 0x0000000744000000|  0%| F|  |TS  0|AC  0|TAMS 0x0000000743f00000, 0x0000000743f00000|
|  64|0x0000000744000000, 0x0000000744000000, 0x0000000744100000|  0%| F|  |TS  0|AC  0|TAMS 0x0000000744000000, 0x0000000744000000|
|  65|0x0000000744100000, 0x0000000744100000, 0x0000000744200000|  0%| F|  |TS  0|AC  0|TAMS 0x0000000744100000, 0x0000000744100000|
|  66|0x0000000744200000, 0x0000000744200000, 0x0000000744300000|  0%| F|  |TS  0|AC  0|TAMS 0x0000000744200000, 0x0000000744200000|
|  67|0x0000000744300000, 0x0000000744300000, 0x0000000744400000|  0%| F|  |TS  0|AC  0|TAMS 0x0000000744300000, 0x0000000744300000|
|  68|0x0000000744400000, 0x0000000744400000, 0x0000000744500000|  0%| F|  |TS  0|AC  0|TAMS 0x0000000744400000, 0x0000000744400000|
|  69|0x0000000744500000, 0x0000000744500000, 0x0000000744600000|  0%| F|  |TS  0|AC  0|TAMS 0x0000000744500000, 0x0000000744500000|
|  70|0x0000000744600000, 0x0000000744600000, 0x0000000744700000|  0%| F|  |TS  0|AC  0|TAMS 0x0000000744600000, 0x0000000744600000|
|  71|0x0000000744700000, 0x0000000744700000, 0x0000000744800000|  0%| F|  |TS  0|AC  0|TAMS 0x0000000744700000, 0x0000000744700000|
|  72|0x0000000744800000, 0x0000000744800000, 0x0000000744900000|  0%| F|  |TS  0|AC  0|TAMS 0x0000000744800000, 0x0000000744800000|
|  73|0x0000000744900000, 0x0000000744900000, 0x0000000744a00000|  0%| F|  |TS  0|AC  0|TAMS 0x0000000744900000, 0x0000000744900000|
|  74|0x0000000744a00000, 0x0000000744a00000, 0x0000000744b00000|  0%| F|  |TS  0|AC  0|TAMS 0x0000000744a00000, 0x0000000744a00000|
|  75|0x0000000744b00000, 0x0000000744b00000, 0x0000000744c00000|  0%| F|  |TS  0|AC  0|TAMS 0x0000000744b00000, 0x0000000744b00000|
|  76|0x0000000744c00000, 0x0000000744c00000, 0x0000000744d00000|  0%| F|  |TS  0|AC  0|TAMS 0x0000000744c00000, 0x0000000744c00000|
|  77|0x0000000744d00000, 0x0000000744d00000, 0x0000000744e00000|  0%| F|  |TS  0|AC  0|TAMS 0x0000000744d00000, 0x0000000744d00000|
|  78|0x0000000744e00000, 0x0000000744e00000, 0x0000000744f00000|  0%| F|  |TS  0|AC  0|TAMS 0x0000000744e00000, 0x0000000744e00000|
|  79|0x0000000744f00000, 0x0000000744f00000, 0x0000000745000000|  0%| F|  |TS  0|AC  0|TAMS 0x0000000744f00000, 0x0000000744f00000|
|  80|0x0000000745000000, 0x0000000745000000, 0x0000000745100000|  0%| F|  |TS  0|AC  0|TAMS 0x0000000745000000, 0x0000000745000000|
|  81|0x0000000745100000, 0x0000000745100000, 0x0000000745200000|  0%| F|  |TS  0|AC  0|TAMS 0x0000000745100000, 0x0000000745100000|
|  82|0x0000000745200000, 0x0000000745200000, 0x0000000745300000|  0%| F|  |TS  0|AC  0|TAMS 0x0000000745200000, 0x0000000745200000|
|  83|0x0000000745300000, 0x0000000745300000, 0x0000000745400000|  0%| F|  |TS  0|AC  0|TAMS 0x0000000745300000, 0x0000000745300000|
|  84|0x0000000745400000, 0x0000000745400000, 0x0000000745500000|  0%| F|  |TS  0|AC  0|TAMS 0x0000000745400000, 0x0000000745400000|
|  85|0x0000000745500000, 0x0000000745500000, 0x0000000745600000|  0%| F|  |TS  0|AC  0|TAMS 0x0000000745500000, 0x0000000745500000|
|  86|0x0000000745600000, 0x0000000745600000, 0x0000000745700000|  0%| F|  |TS  0|AC  0|TAMS 0x0000000745600000, 0x0000000745600000|
|  87|0x0000000745700000, 0x0000000745700000, 0x0000000745800000|  0%| F|  |TS  0|AC  0|TAMS 0x0000000745700000, 0x0000000745700000|
|  88|0x0000000745800000, 0x0000000745800000, 0x0000000745900000|  0%| F|  |TS  0|AC  0|TAMS 0x0000000745800000, 0x0000000745800000|
|  89|0x0000000745900000, 0x0000000745900000, 0x0000000745a00000|  0%| F|  |TS  0|AC  0|TAMS 0x0000000745900000, 0x0000000745900000|
|  90|0x0000000745a00000, 0x0000000745a00000, 0x0000000745b00000|  0%| F|  |TS  0|AC  0|TAMS 0x0000000745a00000, 0x0000000745a00000|
|  91|0x0000000745b00000, 0x0000000745b00000, 0x0000000745c00000|  0%| F|  |TS  0|AC  0|TAMS 0x0000000745b00000, 0x0000000745b00000|
|  92|0x0000000745c00000, 0x0000000745c00000, 0x0000000745d00000|  0%| F|  |TS  0|AC  0|TAMS 0x0000000745c00000, 0x0000000745c00000|
|  93|0x0000000745d00000, 0x0000000745d00000, 0x0000000745e00000|  0%| F|  |TS  0|AC  0|TAMS 0x0000000745d00000, 0x0000000745d00000|
|  94|0x0000000745e00000, 0x0000000745e00000, 0x0000000745f00000|  0%| F|  |TS  0|AC  0|TAMS 0x0000000745e00000, 0x0000000745e00000|
|  95|0x0000000745f00000, 0x0000000745f00000, 0x0000000746000000|  0%| F|  |TS  0|AC  0|TAMS 0x0000000745f00000, 0x0000000745f00000|
|  96|0x0000000746000000, 0x0000000746000000, 0x0000000746100000|  0%| F|  |TS  0|AC  0|TAMS 0x0000000746000000, 0x0000000746000000|
|  97|0x0000000746100000, 0x0000000746100000, 0x0000000746200000|  0%| F|  |TS  0|AC  0|TAMS 0x0000000746100000, 0x0000000746100000|
|  98|0x0000000746200000, 0x0000000746200000, 0x0000000746300000|  0%| F|  |TS  0|AC  0|TAMS 0x0000000746200000, 0x0000000746200000|
|  99|0x0000000746300000, 0x0000000746300000, 0x0000000746400000|  0%| F|  |TS  0|AC  0|TAMS 0x0000000746300000, 0x0000000746300000|
| 100|0x0000000746400000, 0x0000000746400000, 0x0000000746500000|  0%| F|  |TS  0|AC  0|TAMS 0x0000000746400000, 0x0000000746400000|
| 101|0x0000000746500000, 0x0000000746500000, 0x0000000746600000|  0%| F|  |TS  0|AC  0|TAMS 0x0000000746500000, 0x0000000746500000|
| 102|0x0000000746600000, 0x0000000746600000, 0x0000000746700000|  0%| F|  |TS  0|AC  0|TAMS 0x0000000746600000, 0x0000000746600000|
| 103|0x0000000746700000, 0x0000000746700000, 0x0000000746800000|  0%| F|  |TS  0|AC  0|TAMS 0x0000000746700000, 0x0000000746700000|
| 104|0x0000000746800000, 0x0000000746800000, 0x0000000746900000|  0%| F|  |TS  0|AC  0|TAMS 0x0000000746800000, 0x0000000746800000|
| 105|0x0000000746900000, 0x0000000746900000, 0x0000000746a00000|  0%| F|  |TS  0|AC  0|TAMS 0x0000000746900000, 0x0000000746900000|
| 106|0x0000000746a00000, 0x0000000746a00000, 0x0000000746b00000|  0%| F|  |TS  0|AC  0|TAMS 0x0000000746a00000, 0x0000000746a00000|
| 107|0x0000000746b00000, 0x0000000746b00000, 0x0000000746c00000|  0%| F|  |TS  0|AC  0|TAMS 0x0000000746b00000, 0x0000000746b00000|
| 108|0x0000000746c00000, 0x0000000746c00000, 0x0000000746d00000|  0%| F|  |TS  0|AC  0|TAMS 0x0000000746c00000, 0x0000000746c00000|
| 109|0x0000000746d00000, 0x0000000746d00000, 0x0000000746e00000|  0%| F|  |TS  0|AC  0|TAMS 0x0000000746d00000, 0x0000000746d00000|
| 110|0x0000000746e00000, 0x0000000746e00000, 0x0000000746f00000|  0%| F|  |TS  0|AC  0|TAMS 0x0000000746e00000, 0x0000000746e00000|
| 111|0x0000000746f00000, 0x0000000746f00000, 0x0000000747000000|  0%| F|  |TS  0|AC  0|TAMS 0x0000000746f00000, 0x0000000746f00000|
| 112|0x0000000747000000, 0x0000000747000000, 0x0000000747100000|  0%| F|  |TS  0|AC  0|TAMS 0x0000000747000000, 0x0000000747000000|
| 113|0x0000000747100000, 0x0000000747100000, 0x0000000747200000|  0%| F|  |TS  0|AC  0|TAMS 0x0000000747100000, 0x0000000747100000|
| 114|0x0000000747200000, 0x0000000747200000, 0x0000000747300000|  0%| F|  |TS  0|AC  0|TAMS 0x0000000747200000, 0x0000000747200000|
| 115|0x0000000747300000, 0x0000000747300000, 0x0000000747400000|  0%| F|  |TS  0|AC  0|TAMS 0x0000000747300000, 0x0000000747300000|
| 116|0x0000000747400000, 0x0000000747400000, 0x0000000747500000|  0%| F|  |TS  0|AC  0|TAMS 0x0000000747400000, 0x0000000747400000|
| 117|0x0000000747500000, 0x0000000747600000, 0x0000000747600000|100%| E|  |TS  0|AC  0|TAMS 0x0000000747500000, 0x0000000747500000|
| 118|0x0000000747600000, 0x0000000747700000, 0x0000000747700000|100%| E|CS|TS  0|AC  0|TAMS 0x0000000747600000, 0x0000000747600000|
| 119|0x0000000747700000, 0x0000000747800000, 0x0000000747800000|100%| E|CS|TS  0|AC  0|TAMS 0x0000000747700000, 0x0000000747700000|
| 120|0x0000000747800000, 0x0000000747900000, 0x0000000747900000|100%| E|CS|TS  0|AC  0|TAMS 0x0000000747800000, 0x0000000747800000|
| 121|0x0000000747900000, 0x0000000747a00000, 0x0000000747a00000|100%| E|CS|TS  0|AC  0|TAMS 0x0000000747900000, 0x0000000747900000|
| 122|0x0000000747a00000, 0x0000000747b00000, 0x0000000747b00000|100%| E|CS|TS  0|AC  0|TAMS 0x0000000747a00000, 0x0000000747a00000|
| 123|0x0000000747b00000, 0x0000000747c00000, 0x0000000747c00000|100%| E|CS|TS  0|AC  0|TAMS 0x0000000747b00000, 0x0000000747b00000|
| 124|0x0000000747c00000, 0x0000000747d00000, 0x0000000747d00000|100%| E|CS|TS  0|AC  0|TAMS 0x0000000747c00000, 0x0000000747c00000|
| 125|0x0000000747d00000, 0x0000000747e00000, 0x0000000747e00000|100%| E|CS|TS  0|AC  0|TAMS 0x0000000747d00000, 0x0000000747d00000|
| 126|0x0000000747e00000, 0x0000000747f00000, 0x0000000747f00000|100%| E|CS|TS  0|AC  0|TAMS 0x0000000747e00000, 0x0000000747e00000|
| 127|0x0000000747f00000, 0x0000000748000000, 0x0000000748000000|100%| E|CS|TS  0|AC  0|TAMS 0x0000000747f00000, 0x0000000747f00000|

Card table byte_map: [0x0000000104976000,0x0000000104d76000] byte_map_base: 0x0000000100f76000

Marking Bits (Prev, Next): (CMBitMap*) 0x00007fbd2d035a60, (CMBitMap*) 0x00007fbd2d035a98
 Prev Bits: [0x0000000105176000, 0x0000000107176000)
 Next Bits: [0x0000000107176000, 0x0000000109176000)

Polling page: 0x0000000102871000

CodeHeap 'non-profiled nmethods': size=120032Kb used=202Kb max_used=202Kb free=119830Kb
 bounds [0x000000011ed76000, 0x000000011efe6000, 0x00000001262ae000]
CodeHeap 'profiled nmethods': size=120032Kb used=959Kb max_used=959Kb free=119072Kb
 bounds [0x000000011783e000, 0x0000000117aae000, 0x000000011ed76000]
CodeHeap 'non-nmethods': size=5696Kb used=1103Kb max_used=1118Kb free=4592Kb
 bounds [0x00000001172ae000, 0x000000011751e000, 0x000000011783e000]
 total_blobs=1053 nmethods=581 adapters=254
 compilation: enabled

Compilation events (10 events):
Event: 0.948 Thread 0x00007fbd2c046000  575       1       jdk.internal.loader.AbstractClassLoaderValue$Sub::parent (5 bytes)
Event: 0.948 Thread 0x00007fbd2c046000 nmethod 575 0x000000011eda8110 code [0x000000011eda82c0, 0x000000011eda83d0]
Event: 0.950 Thread 0x00007fbd2c046000  580       3       java.lang.StringLatin1::toLowerCase (180 bytes)
Event: 0.951 Thread 0x00007fbd2c046000 nmethod 580 0x000000011792b090 code [0x000000011792b340, 0x000000011792c098]
Event: 0.951 Thread 0x00007fbd2c046000  579       3       java.lang.String::toLowerCase (29 bytes)
Event: 0.952 Thread 0x00007fbd2c046000 nmethod 579 0x000000011792c610 code [0x000000011792c7e0, 0x000000011792caf8]
Event: 0.952 Thread 0x00007fbd2c046000  582       3       java.lang.String::substring (68 bytes)
Event: 0.952 Thread 0x00007fbd2c046000 nmethod 582 0x000000011792cc10 code [0x000000011792ce60, 0x000000011792d658]
Event: 0.952 Thread 0x00007fbd2c046000  581       3       java.lang.ClassLoader::loadClass (7 bytes)
Event: 0.952 Thread 0x00007fbd2c046000 nmethod 581 0x000000011792d990 code [0x000000011792db40, 0x000000011792dd68]

GC Heap History (0 events):
No events

Deoptimization events (4 events):
Event: 0.283 Thread 0x00007fbd2b805800 Uncommon trap: reason=unstable_if action=reinterpret pc=0x000000011ed7da80 method=java.util.AbstractCollection.isEmpty()Z @ 4 c2
Event: 0.297 Thread 0x00007fbd2b805800 Uncommon trap: reason=unstable_if action=reinterpret pc=0x000000011ed83154 method=java.util.HashMap.putVal(ILjava/lang/Object;Ljava/lang/Object;ZZ)Ljava/lang/Object; @ 69 c2
Event: 0.350 Thread 0x00007fbd2b805800 Uncommon trap: reason=unstable_if action=reinterpret pc=0x000000011ed79d84 method=java.lang.String.hashCode()I @ 14 c2
Event: 0.773 Thread 0x00007fbd2b805800 Uncommon trap: reason=unstable_if action=reinterpret pc=0x000000011ed85af0 method=java.lang.String.isLatin1()Z @ 10 c2

Classes redefined (2 events):
Event: 307.663 Thread 0x00007fbd2c005800 redefined class name=Matrix, count=1
Event: 1881.695 Thread 0x00007fbd2c005800 redefined class name=Matrix, count=2

Internal exceptions (8 events):
Event: 0.606 Thread 0x00007fbd2b805800 Exception <a 'java/io/FileNotFoundException'{0x0000000747c30230}> (0x0000000747c30230) thrown at [/scratch/mesos/slaves/9190d864-6621-4810-ba08-d8d8c75ba674-S34/frameworks/1735e8a2-a1db-478c-8104-60c8b0af87dd-0196/executors/f87b4890-2412-429e-bdfd-83788a2
Event: 0.674 Thread 0x00007fbd2b805800 Exception <a 'java/lang/NoSuchMethodError'{0x0000000747a178e0}: java.lang.invoke.DirectMethodHandle$Holder.invokeInterface(Ljava/lang/Object;Ljava/lang/Object;)Ljava/lang/Object;> (0x0000000747a178e0) thrown at [/scratch/mesos/slaves/9190d864-6621-4810-ba
Event: 0.680 Thread 0x00007fbd2b805800 Exception <a 'java/lang/NoSuchMethodError'{0x0000000747a48cb0}: method resolution failed> (0x0000000747a48cb0) thrown at [/scratch/mesos/slaves/9190d864-6621-4810-ba08-d8d8c75ba674-S34/frameworks/1735e8a2-a1db-478c-8104-60c8b0af87dd-0196/executors/f87b489
Event: 0.730 Thread 0x00007fbd2b805800 Exception <a 'java/lang/NoSuchMethodError'{0x00000007479341f0}: java.lang.Object.lambda$negate$3(I)Z> (0x00000007479341f0) thrown at [/scratch/mesos/slaves/9190d864-6621-4810-ba08-d8d8c75ba674-S34/frameworks/1735e8a2-a1db-478c-8104-60c8b0af87dd-0196/execu
Event: 0.731 Thread 0x00007fbd2b805800 Exception <a 'java/lang/NoSuchMethodError'{0x0000000747937848}: java.lang.Object.lambda$union$3(Ljava/util/regex/Pattern$CharPredicate;I)Z> (0x0000000747937848) thrown at [/scratch/mesos/slaves/9190d864-6621-4810-ba08-d8d8c75ba674-S34/frameworks/1735e8a2-
Event: 0.747 Thread 0x00007fbd2b805800 Exception <a 'java/lang/NoSuchMethodError'{0x000000074796ce08}: java.lang.Object.lambda$union$2(Ljava/util/regex/Pattern$CharPredicate;I)Z> (0x000000074796ce08) thrown at [/scratch/mesos/slaves/9190d864-6621-4810-ba08-d8d8c75ba674-S34/frameworks/1735e8a2-
Event: 0.800 Thread 0x00007fbd2b805800 Exception <a 'java/lang/NoSuchMethodError'{0x00000007478847c8}: java.lang.invoke.DirectMethodHandle$Holder.invokeStatic(Ljava/lang/Object;Ljava/lang/Object;)I> (0x00000007478847c8) thrown at [/scratch/mesos/slaves/9190d864-6621-4810-ba08-d8d8c75ba674-S34/
Event: 0.804 Thread 0x00007fbd2b805800 Exception <a 'java/lang/NoSuchMethodError'{0x00000007478984c8}: java.lang.Object.of([Ljava/lang/Object;)Ljava/util/stream/Stream;> (0x00000007478984c8) thrown at [/scratch/mesos/slaves/9190d864-6621-4810-ba08-d8d8c75ba674-S34/frameworks/1735e8a2-a1db-478c

Events (10 events):
Event: 1882.018 Executing VM operation: GetFrameLocation done
Event: 1882.018 Executing VM operation: GetFrameCount
Event: 1882.019 Executing VM operation: GetFrameCount done
Event: 1882.019 Executing VM operation: GetFrameLocation
Event: 1882.019 Executing VM operation: GetFrameLocation done
Event: 1882.019 Executing VM operation: GetFrameCount
Event: 1882.019 Executing VM operation: GetFrameCount done
Event: 1882.020 Executing VM operation: GetFrameLocation
Event: 1882.020 Executing VM operation: GetFrameLocation done
Event: 1882.028 Executing VM operation: GetOrSetLocal


Dynamic libraries:
0x00007fff3ce6f000 	/System/Library/Frameworks/Cocoa.framework/Versions/A/Cocoa
0x00007fff49119000 	/System/Library/Frameworks/Security.framework/Versions/A/Security
0x00007fff3ba79000 	/System/Library/Frameworks/ApplicationServices.framework/Versions/A/ApplicationServices
0x00007fff6a6a8000 	/usr/lib/libz.1.dylib
0x00007fff67d1f000 	/usr/lib/libSystem.B.dylib
0x00007fff3d692000 	/System/Library/Frameworks/CoreFoundation.framework/Versions/A/CoreFoundation
0x00007fff3fa17000 	/System/Library/Frameworks/Foundation.framework/Versions/C/Foundation
0x00007fff697c5000 	/usr/lib/libobjc.A.dylib
0x00007fff3ac07000 	/System/Library/Frameworks/AppKit.framework/Versions/C/AppKit
0x00007fff3d206000 	/System/Library/Frameworks/CoreData.framework/Versions/A/CoreData
0x00007fff60f05000 	/System/Library/PrivateFrameworks/RemoteViewServices.framework/Versions/A/RemoteViewServices
0x00007fff659f4000 	/System/Library/PrivateFrameworks/UIFoundation.framework/Versions/A/UIFoundation
0x00007fff671a6000 	/System/Library/PrivateFrameworks/XCTTargetBootstrap.framework/Versions/A/XCTTargetBootstrap
0x00007fff5ba1b000 	/System/Library/PrivateFrameworks/IconServices.framework/Versions/A/IconServices
0x00007fff422d2000 	/System/Library/Frameworks/Metal.framework/Versions/A/Metal
0x00007fff52c25000 	/System/Library/PrivateFrameworks/DesktopServicesPriv.framework/Versions/A/DesktopServicesPriv
0x00007fff68ad9000 	/usr/lib/libenergytrace.dylib
0x00007fff63769000 	/System/Library/PrivateFrameworks/SkyLight.framework/Versions/A/SkyLight
0x00007fff3dae1000 	/System/Library/Frameworks/CoreGraphics.framework/Versions/A/CoreGraphics
0x00007fff399c2000 	/System/Library/Frameworks/Accelerate.framework/Versions/A/Accelerate
0x00007fff401a0000 	/System/Library/Frameworks/IOSurface.framework/Versions/A/IOSurface
0x00007fff52a87000 	/System/Library/PrivateFrameworks/DFRFoundation.framework/Versions/A/DFRFoundation
0x00007fff3bf7e000 	/System/Library/Frameworks/AudioToolbox.framework/Versions/A/AudioToolbox
0x00007fff3c21c000 	/System/Library/Frameworks/AudioUnit.framework/Versions/A/AudioUnit
0x00007fff52b1e000 	/System/Library/PrivateFrameworks/DataDetectorsCore.framework/Versions/A/DataDetectorsCore
0x00007fff3c95b000 	/System/Library/Frameworks/Carbon.framework/Versions/A/Frameworks/HIToolbox.framework/Versions/A/HIToolbox
0x00007fff68c34000 	/usr/lib/libicucore.A.dylib
0x00007fff48673000 	/System/Library/Frameworks/QuartzCore.framework/Versions/A/QuartzCore
0x00007fff3cd42000 	/System/Library/Frameworks/Carbon.framework/Versions/A/Frameworks/SpeechRecognition.framework/Versions/A/SpeechRecognition
0x00007fff67e82000 	/usr/lib/libauto.dylib
0x00007fff6a59b000 	/usr/lib/libxml2.2.dylib
0x00007fff52686000 	/System/Library/PrivateFrameworks/CoreUI.framework/Versions/A/CoreUI
0x00007fff3d0e4000 	/System/Library/Frameworks/CoreAudio.framework/Versions/A/CoreAudio
0x00007fff3f849000 	/System/Library/Frameworks/DiskArbitration.framework/Versions/A/DiskArbitration
0x00007fff68ee4000 	/usr/lib/liblangid.dylib
0x00007fff5cec7000 	/System/Library/PrivateFrameworks/MultitouchSupport.framework/Versions/A/MultitouchSupport
0x00007fff4010c000 	/System/Library/Frameworks/IOKit.framework/Versions/A/IOKit
0x00007fff6796d000 	/usr/lib/libDiagnosticMessagesClient.dylib
0x00007fff3e94f000 	/System/Library/Frameworks/CoreServices.framework/Versions/A/CoreServices
0x00007fff5ebf6000 	/System/Library/PrivateFrameworks/PerformanceAnalysis.framework/Versions/A/PerformanceAnalysis
0x00007fff47808000 	/System/Library/Frameworks/OpenGL.framework/Versions/A/OpenGL
0x00007fff3ce7d000 	/System/Library/Frameworks/ColorSync.framework/Versions/A/ColorSync
0x00007fff3e170000 	/System/Library/Frameworks/CoreImage.framework/Versions/A/CoreImage
0x00007fff3f392000 	/System/Library/Frameworks/CoreText.framework/Versions/A/CoreText
0x00007fff40201000 	/System/Library/Frameworks/ImageIO.framework/Versions/A/ImageIO
0x00007fff4ecdf000 	/System/Library/PrivateFrameworks/Backup.framework/Versions/A/Backup
0x00007fff67dd5000 	/usr/lib/libarchive.2.dylib
0x00007fff3c580000 	/System/Library/Frameworks/CFNetwork.framework/Versions/A/CFNetwork
0x00007fff498c2000 	/System/Library/Frameworks/SystemConfiguration.framework/Versions/A/SystemConfiguration
0x00007fff67896000 	/usr/lib/libCRFSuite.dylib
0x00007fff67f79000 	/usr/lib/libc++.1.dylib
0x00007fff67fd1000 	/usr/lib/libc++abi.dylib
0x00007fff6a72b000 	/usr/lib/system/libcache.dylib
0x00007fff6a730000 	/usr/lib/system/libcommonCrypto.dylib
0x00007fff6a73b000 	/usr/lib/system/libcompiler_rt.dylib
0x00007fff6a743000 	/usr/lib/system/libcopyfile.dylib
0x00007fff6a74d000 	/usr/lib/system/libcorecrypto.dylib
0x00007fff6a858000 	/usr/lib/system/libdispatch.dylib
0x00007fff6a893000 	/usr/lib/system/libdyld.dylib
0x00007fff6a8c3000 	/usr/lib/system/libkeymgr.dylib
0x00007fff6a8d1000 	/usr/lib/system/liblaunch.dylib
0x00007fff6a8d2000 	/usr/lib/system/libmacho.dylib
0x00007fff6a8d8000 	/usr/lib/system/libquarantine.dylib
0x00007fff6a8db000 	/usr/lib/system/libremovefile.dylib
0x00007fff6a8dd000 	/usr/lib/system/libsystem_asl.dylib
0x00007fff6a8f5000 	/usr/lib/system/libsystem_blocks.dylib
0x00007fff6a8f6000 	/usr/lib/system/libsystem_c.dylib
0x00007fff6a97f000 	/usr/lib/system/libsystem_configuration.dylib
0x00007fff6a983000 	/usr/lib/system/libsystem_coreservices.dylib
0x00007fff6a987000 	/usr/lib/system/libsystem_darwin.dylib
0x00007fff6a98e000 	/usr/lib/system/libsystem_dnssd.dylib
0x00007fff6a995000 	/usr/lib/system/libsystem_info.dylib
0x00007fff6aa0a000 	/usr/lib/system/libsystem_m.dylib
0x00007fff6aa56000 	/usr/lib/system/libsystem_malloc.dylib
0x00007fff6aa7b000 	/usr/lib/system/libsystem_networkextension.dylib
0x00007fff6aa87000 	/usr/lib/system/libsystem_notify.dylib
0x00007fff6aaa4000 	/usr/lib/system/libsystem_sandbox.dylib
0x00007fff6aaa8000 	/usr/lib/system/libsystem_secinit.dylib
0x00007fff6a9e2000 	/usr/lib/system/libsystem_kernel.dylib
0x00007fff6aa8f000 	/usr/lib/system/libsystem_platform.dylib
0x00007fff6aa99000 	/usr/lib/system/libsystem_pthread.dylib
0x00007fff6aaab000 	/usr/lib/system/libsystem_symptoms.dylib
0x00007fff6aab3000 	/usr/lib/system/libsystem_trace.dylib
0x00007fff6aaca000 	/usr/lib/system/libunwind.dylib
0x00007fff6aad0000 	/usr/lib/system/libxpc.dylib
0x00007fff67f59000 	/usr/lib/libbsm.0.dylib
0x00007fff6a8c4000 	/usr/lib/system/libkxld.dylib
0x00007fff4df8d000 	/System/Library/PrivateFrameworks/AppleFSCompression.framework/Versions/A/AppleFSCompression
0x00007fff67bde000 	/usr/lib/libOpenScriptingUtil.dylib
0x00007fff682bc000 	/usr/lib/libcoretls.dylib
0x00007fff682d3000 	/usr/lib/libcoretls_cfhelpers.dylib
0x00007fff69f5e000 	/usr/lib/libpam.2.dylib
0x00007fff6a121000 	/usr/lib/libsqlite3.dylib
0x00007fff6a589000 	/usr/lib/libxar.1.dylib
0x00007fff67f6a000 	/usr/lib/libbz2.1.0.dylib
0x00007fff68ee6000 	/usr/lib/liblzma.5.dylib
0x00007fff693dc000 	/usr/lib/libnetwork.dylib
0x00007fff67dbe000 	/usr/lib/libapple_nghttp2.dylib
0x00007fff69f65000 	/usr/lib/libpcap.A.dylib
0x00007fff3ecf3000 	/System/Library/Frameworks/CoreServices.framework/Versions/A/Frameworks/FSEvents.framework/Versions/A/FSEvents
0x00007fff3e9cf000 	/System/Library/Frameworks/CoreServices.framework/Versions/A/Frameworks/CarbonCore.framework/Versions/A/CarbonCore
0x00007fff3eec8000 	/System/Library/Frameworks/CoreServices.framework/Versions/A/Frameworks/Metadata.framework/Versions/A/Metadata
0x00007fff3ef6b000 	/System/Library/Frameworks/CoreServices.framework/Versions/A/Frameworks/OSServices.framework/Versions/A/OSServices
0x00007fff3efb7000 	/System/Library/Frameworks/CoreServices.framework/Versions/A/Frameworks/SearchKit.framework/Versions/A/SearchKit
0x00007fff3e950000 	/System/Library/Frameworks/CoreServices.framework/Versions/A/Frameworks/AE.framework/Versions/A/AE
0x00007fff3ecfc000 	/System/Library/Frameworks/CoreServices.framework/Versions/A/Frameworks/LaunchServices.framework/Versions/A/LaunchServices
0x00007fff3eca8000 	/System/Library/Frameworks/CoreServices.framework/Versions/A/Frameworks/DictionaryServices.framework/Versions/A/DictionaryServices
0x00007fff3f026000 	/System/Library/Frameworks/CoreServices.framework/Versions/A/Frameworks/SharedFileList.framework/Versions/A/SharedFileList
0x00007fff43799000 	/System/Library/Frameworks/NetFS.framework/Versions/A/NetFS
0x00007fff5d164000 	/System/Library/PrivateFrameworks/NetAuth.framework/Versions/A/NetAuth
0x00007fff675da000 	/System/Library/PrivateFrameworks/login.framework/Versions/A/Frameworks/loginsupport.framework/Versions/A/loginsupport
0x00007fff655ed000 	/System/Library/PrivateFrameworks/TCC.framework/Versions/A/TCC
0x00007fff51ca9000 	/System/Library/PrivateFrameworks/CoreNLP.framework/Versions/A/CoreNLP
0x00007fff5cbb9000 	/System/Library/PrivateFrameworks/MetadataUtilities.framework/Versions/A/MetadataUtilities
0x00007fff68fc7000 	/usr/lib/libmecabra.dylib
0x00007fff3ba7a000 	/System/Library/Frameworks/ApplicationServices.framework/Versions/A/Frameworks/ATS.framework/Versions/A/ATS
0x00007fff3bde5000 	/System/Library/Frameworks/ApplicationServices.framework/Versions/A/Frameworks/ColorSyncLegacy.framework/Versions/A/ColorSyncLegacy
0x00007fff3be86000 	/System/Library/Frameworks/ApplicationServices.framework/Versions/A/Frameworks/HIServices.framework/Versions/A/HIServices
0x00007fff3bed9000 	/System/Library/Frameworks/ApplicationServices.framework/Versions/A/Frameworks/LangAnalysis.framework/Versions/A/LangAnalysis
0x00007fff3bee8000 	/System/Library/Frameworks/ApplicationServices.framework/Versions/A/Frameworks/PrintCore.framework/Versions/A/PrintCore
0x00007fff3bf35000 	/System/Library/Frameworks/ApplicationServices.framework/Versions/A/Frameworks/QD.framework/Versions/A/QD
0x00007fff3bf71000 	/System/Library/Frameworks/ApplicationServices.framework/Versions/A/Frameworks/SpeechSynthesis.framework/Versions/A/SpeechSynthesis
0x00007fff67ff9000 	/usr/lib/libcompression.dylib
0x00007fff3d5a8000 	/System/Library/Frameworks/CoreDisplay.framework/Versions/A/CoreDisplay
0x00007fff4259a000 	/System/Library/Frameworks/MetalPerformanceShaders.framework/Versions/A/MetalPerformanceShaders
0x00007fff399da000 	/System/Library/Frameworks/Accelerate.framework/Versions/A/Frameworks/vImage.framework/Versions/A/vImage
0x00007fff3aa56000 	/System/Library/Frameworks/Accelerate.framework/Versions/A/Frameworks/vecLib.framework/Versions/A/vecLib
0x00007fff3a9a0000 	/System/Library/Frameworks/Accelerate.framework/Versions/A/Frameworks/vecLib.framework/Versions/A/libvMisc.dylib
0x00007fff3a7bb000 	/System/Library/Frameworks/Accelerate.framework/Versions/A/Frameworks/vecLib.framework/Versions/A/libvDSP.dylib
0x00007fff3a07b000 	/System/Library/Frameworks/Accelerate.framework/Versions/A/Frameworks/vecLib.framework/Versions/A/libBLAS.dylib
0x00007fff3a366000 	/System/Library/Frameworks/Accelerate.framework/Versions/A/Frameworks/vecLib.framework/Versions/A/libLAPACK.dylib
0x00007fff3a70d000 	/System/Library/Frameworks/Accelerate.framework/Versions/A/Frameworks/vecLib.framework/Versions/A/libLinearAlgebra.dylib
0x00007fff3a7a7000 	/System/Library/Frameworks/Accelerate.framework/Versions/A/Frameworks/vecLib.framework/Versions/A/libSparseBLAS.dylib
0x00007fff3a723000 	/System/Library/Frameworks/Accelerate.framework/Versions/A/Frameworks/vecLib.framework/Versions/A/libQuadrature.dylib
0x00007fff3a2f3000 	/System/Library/Frameworks/Accelerate.framework/Versions/A/Frameworks/vecLib.framework/Versions/A/libBNNS.dylib
0x00007fff3a729000 	/System/Library/Frameworks/Accelerate.framework/Versions/A/Frameworks/vecLib.framework/Versions/A/libSparse.dylib
0x00007fff591b6000 	/System/Library/PrivateFrameworks/GPUWrangler.framework/Versions/A/GPUWrangler
0x00007fff5b5e2000 	/System/Library/PrivateFrameworks/IOAccelerator.framework/Versions/A/IOAccelerator
0x00007fff5b5ed000 	/System/Library/PrivateFrameworks/IOPresentment.framework/Versions/A/IOPresentment
0x00007fff52a97000 	/System/Library/PrivateFrameworks/DSExternalDisplay.framework/Versions/A/DSExternalDisplay
0x00007fff46c4d000 	/System/Library/Frameworks/OpenGL.framework/Versions/A/Libraries/libCoreFSCache.dylib
0x00007fff42382000 	/System/Library/Frameworks/MetalPerformanceShaders.framework/Frameworks/MPSCore.framework/Versions/A/MPSCore
0x00007fff423a3000 	/System/Library/Frameworks/MetalPerformanceShaders.framework/Frameworks/MPSImage.framework/Versions/A/MPSImage
0x00007fff4244b000 	/System/Library/Frameworks/MetalPerformanceShaders.framework/Frameworks/MPSNeuralNetwork.framework/Versions/A/MPSNeuralNetwork
0x00007fff42422000 	/System/Library/Frameworks/MetalPerformanceShaders.framework/Frameworks/MPSMatrix.framework/Versions/A/MPSMatrix
0x00007fff4257e000 	/System/Library/Frameworks/MetalPerformanceShaders.framework/Frameworks/MPSRayIntersector.framework/Versions/A/MPSRayIntersector
0x00007fff5cbe2000 	/System/Library/PrivateFrameworks/MetalTools.framework/Versions/A/MetalTools
0x00007fff4d688000 	/System/Library/PrivateFrameworks/AggregateDictionary.framework/Versions/A/AggregateDictionary
0x00007fff67bbe000 	/usr/lib/libMobileGestalt.dylib
0x00007fff3f4f8000 	/System/Library/Frameworks/CoreVideo.framework/Versions/A/CoreVideo
0x00007fff5a021000 	/System/Library/PrivateFrameworks/GraphVisualizer.framework/Versions/A/GraphVisualizer
0x00007fff53dc6000 	/System/Library/PrivateFrameworks/FaceCore.framework/Versions/A/FaceCore
0x00007fff46265000 	/System/Library/Frameworks/OpenCL.framework/Versions/A/OpenCL
0x00007fff679a5000 	/usr/lib/libFosl_dynamic.dylib
0x00007fff5da3a000 	/System/Library/PrivateFrameworks/OTSVG.framework/Versions/A/OTSVG
0x00007fff3bb7e000 	/System/Library/Frameworks/ApplicationServices.framework/Versions/A/Frameworks/ATS.framework/Versions/A/Resources/libFontParser.dylib
0x00007fff3bc9e000 	/System/Library/Frameworks/ApplicationServices.framework/Versions/A/Frameworks/ATS.framework/Versions/A/Resources/libFontRegistry.dylib
0x00007fff4048b000 	/System/Library/Frameworks/ImageIO.framework/Versions/A/Resources/libJPEG.dylib
0x00007fff407ad000 	/System/Library/Frameworks/ImageIO.framework/Versions/A/Resources/libTIFF.dylib
0x00007fff40783000 	/System/Library/Frameworks/ImageIO.framework/Versions/A/Resources/libPng.dylib
0x00007fff403a0000 	/System/Library/Frameworks/ImageIO.framework/Versions/A/Resources/libGIF.dylib
0x00007fff403a5000 	/System/Library/Frameworks/ImageIO.framework/Versions/A/Resources/libJP2.dylib
0x00007fff407aa000 	/System/Library/Frameworks/ImageIO.framework/Versions/A/Resources/libRadiance.dylib
0x00007fff4e0e6000 	/System/Library/PrivateFrameworks/AppleJPEG.framework/Versions/A/AppleJPEG
0x00007fff46c58000 	/System/Library/Frameworks/OpenGL.framework/Versions/A/Libraries/libGFXShared.dylib
0x00007fff46e1b000 	/System/Library/Frameworks/OpenGL.framework/Versions/A/Libraries/libGLU.dylib
0x00007fff46c61000 	/System/Library/Frameworks/OpenGL.framework/Versions/A/Libraries/libGL.dylib
0x00007fff46c6d000 	/System/Library/Frameworks/OpenGL.framework/Versions/A/Libraries/libGLImage.dylib
0x00007fff46c4a000 	/System/Library/Frameworks/OpenGL.framework/Versions/A/Libraries/libCVMSPluginSupport.dylib
0x00007fff46c53000 	/System/Library/Frameworks/OpenGL.framework/Versions/A/Libraries/libCoreVMClient.dylib
0x00007fff6894b000 	/usr/lib/libcups.2.dylib
0x00007fff41898000 	/System/Library/Frameworks/Kerberos.framework/Versions/A/Kerberos
0x00007fff3fe56000 	/System/Library/Frameworks/GSS.framework/Versions/A/GSS
0x00007fff6a0b5000 	/usr/lib/libresolv.9.dylib
0x00007fff68b42000 	/usr/lib/libiconv.2.dylib
0x00007fff5a181000 	/System/Library/PrivateFrameworks/Heimdal.framework/Versions/A/Heimdal
0x00007fff68b11000 	/usr/lib/libheimdal-asn1.dylib
0x00007fff462db000 	/System/Library/Frameworks/OpenDirectory.framework/Versions/A/OpenDirectory
0x00007fff509a4000 	/System/Library/PrivateFrameworks/CommonAuth.framework/Versions/A/CommonAuth
0x00007fff462be000 	/System/Library/Frameworks/OpenDirectory.framework/Versions/A/Frameworks/CFOpenDirectory.framework/Versions/A/CFOpenDirectory
0x00007fff49440000 	/System/Library/Frameworks/SecurityFoundation.framework/Versions/A/SecurityFoundation
0x00007fff4cb99000 	/System/Library/PrivateFrameworks/APFS.framework/Versions/A/APFS
0x00007fff6a585000 	/usr/lib/libutil.dylib
0x00007fff67fe7000 	/usr/lib/libcharset.1.dylib
0x00007fff4e381000 	/System/Library/PrivateFrameworks/AppleSauce.framework/Versions/A/AppleSauce
0x00007fff4e50f000 	/System/Library/PrivateFrameworks/AssertionServices.framework/Versions/A/AssertionServices
0x00007fff4ed82000 	/System/Library/PrivateFrameworks/BaseBoard.framework/Versions/A/BaseBoard
0x00007fff68f16000 	/usr/lib/libmecab.1.0.0.dylib
0x00007fff68b0b000 	/usr/lib/libgermantok.dylib
0x00007fff67daa000 	/usr/lib/libThaiTokenizer.dylib
0x00007fff678d1000 	/usr/lib/libChineseTokenizer.dylib
0x00007fff5bd17000 	/System/Library/PrivateFrameworks/LanguageModeling.framework/Versions/A/LanguageModeling
0x00007fff516bf000 	/System/Library/PrivateFrameworks/CoreEmoji.framework/Versions/A/CoreEmoji
0x00007fff5be0f000 	/System/Library/PrivateFrameworks/Lexicon.framework/Versions/A/Lexicon
0x00007fff5be57000 	/System/Library/PrivateFrameworks/LinguisticData.framework/Versions/A/LinguisticData
0x00007fff67fe8000 	/usr/lib/libcmph.dylib
0x00007fff49501000 	/System/Library/Frameworks/ServiceManagement.framework/Versions/A/ServiceManagement
0x00007fff4ecd5000 	/System/Library/PrivateFrameworks/BackgroundTaskManagement.framework/Versions/A/BackgroundTaskManagement
0x00007fff6a67f000 	/usr/lib/libxslt.1.dylib
0x00007fff3cc6d000 	/System/Library/Frameworks/Carbon.framework/Versions/A/Frameworks/Ink.framework/Versions/A/Ink
0x00007fff6586c000 	/System/Library/PrivateFrameworks/TextureIO.framework/Versions/A/TextureIO
0x00007fff67dff000 	/usr/lib/libate.dylib
0x00007fff529f3000 	/System/Library/PrivateFrameworks/CrashReporterSupport.framework/Versions/A/CrashReporterSupport
0x00007fff62898000 	/System/Library/PrivateFrameworks/Sharing.framework/Versions/A/Sharing
0x00007fff4e861000 	/System/Library/PrivateFrameworks/AuthKit.framework/Versions/A/AuthKit
0x00007fff4dc85000 	/System/Library/PrivateFrameworks/Apple80211.framework/Versions/A/Apple80211
0x00007fff527b3000 	/System/Library/PrivateFrameworks/CoreUtils.framework/Versions/A/CoreUtils
0x00007fff3f536000 	/System/Library/Frameworks/CoreWLAN.framework/Versions/A/CoreWLAN
0x00007fff3ffa0000 	/System/Library/Frameworks/IOBluetooth.framework/Versions/A/IOBluetooth
0x00007fff60bc5000 	/System/Library/PrivateFrameworks/ProtocolBuffer.framework/Versions/A/ProtocolBuffer
0x00007fff5ce1e000 	/System/Library/PrivateFrameworks/MobileKeyBag.framework/Versions/A/MobileKeyBag
0x00007fff51fd6000 	/System/Library/PrivateFrameworks/CorePhoneNumbers.framework/Versions/A/CorePhoneNumbers
0x00007fff4e09a000 	/System/Library/PrivateFrameworks/AppleIDAuthSupport.framework/Versions/A/AppleIDAuthSupport
0x00007fff5bce9000 	/System/Library/PrivateFrameworks/KeychainCircle.framework/Versions/A/KeychainCircle
0x00007fff60d92000 	/System/Library/PrivateFrameworks/ROCKit.framework/Versions/A/ROCKit
0x00007fff5298f000 	/System/Library/PrivateFrameworks/CoreWiFi.framework/Versions/A/CoreWiFi
0x00007fff3d1da000 	/System/Library/Frameworks/CoreBluetooth.framework/Versions/A/CoreBluetooth
0x00007fff52be3000 	/System/Library/PrivateFrameworks/DebugSymbols.framework/Versions/A/DebugSymbols
0x00007fff52568000 	/System/Library/PrivateFrameworks/CoreSymbolication.framework/Versions/A/CoreSymbolication
0x00007fff65057000 	/System/Library/PrivateFrameworks/Symbolication.framework/Versions/A/Symbolication
0x00007fff641ea000 	/System/Library/PrivateFrameworks/SpeechRecognitionCore.framework/Versions/A/SpeechRecognitionCore
0x0000000103200000 	/Library/Java/JavaVirtualMachines/jdk-10.0.2.jdk/Contents/Home/lib/server/libjvm.dylib
0x00007fff6a449000 	/usr/lib/libstdc++.6.dylib
0x000000010282f000 	/Library/Java/JavaVirtualMachines/jdk-10.0.2.jdk/Contents/Home/lib/libverify.dylib
0x000000010283c000 	/Library/Java/JavaVirtualMachines/jdk-10.0.2.jdk/Contents/Home/lib/libjava.dylib
0x0000000102873000 	/Library/Java/JavaVirtualMachines/jdk-10.0.2.jdk/Contents/Home/lib/libjdwp.dylib
0x00000001028b0000 	/Library/Java/JavaVirtualMachines/jdk-10.0.2.jdk/Contents/Home/lib/libinstrument.dylib
0x0000000102945000 	/Library/Java/JavaVirtualMachines/jdk-10.0.2.jdk/Contents/Home/lib/libzip.dylib
0x000000010294d000 	/Library/Java/JavaVirtualMachines/jdk-10.0.2.jdk/Contents/Home/lib/libjimage.dylib
0x00000001029de000 	/Library/Java/JavaVirtualMachines/jdk-10.0.2.jdk/Contents/Home/lib/libdt_socket.dylib
0x00000001029e4000 	/Library/Java/JavaVirtualMachines/jdk-10.0.2.jdk/Contents/Home/lib/libnio.dylib
0x0000000126404000 	/Library/Java/JavaVirtualMachines/jdk-10.0.2.jdk/Contents/Home/lib/./libnet.dylib


VM Arguments:
jvm_args: -agentlib:jdwp=transport=dt_socket,address=127.0.0.1:51555,suspend=y,server=n -ea -Didea.test.cyclic.buffer.size=1048576 -javaagent:/Users/rafrausin/Library/Caches/IdeaIC2018.2/groovyHotSwap/gragent.jar -javaagent:/Users/rafrausin/Library/Caches/IdeaIC2018.2/captureAgent/debugger-agent.jar=file:/private/var/folders/d9/8sq6x06j2vsbnj47d201wy600000gp/T/capture.props -Dfile.encoding=UTF-8 
java_command: com.intellij.rt.execution.junit.JUnitStarter -ideVersion5 -junit4 MatrixTest,testCreateMatrix
java_class_path (initial): /Applications/IntelliJ IDEA CE.app/Contents/lib/idea_rt.jar:/Applications/IntelliJ IDEA CE.app/Contents/plugins/junit/lib/junit-rt.jar:/Applications/IntelliJ IDEA CE.app/Contents/plugins/junit/lib/junit5-rt.jar:/Users/rafrausin/Exercism/java/matrix/out/test/classes:/Users/rafrausin/Exercism/java/matrix/out/production/classes:/Users/rafrausin/.gradle/caches/modules-2/files-2.1/junit/junit/4.12/2973d150c0dc1fefe998f834810d68f278ea58ec/junit-4.12.jar:/Users/rafrausin/.gradle/caches/modules-2/files-2.1/org.hamcrest/hamcrest-core/1.3/42a25dc3219429f0e5d060061f71acb49bf010a0/hamcrest-core-1.3.jar
Launcher Type: SUN_STANDARD

Logging:
Log output configuration:
#0: stdout all=warning uptime,level,tags
#1: stderr all=off uptime,level,tags

Environment Variables:
PATH=/usr/local/bin:/usr/bin:/bin:/usr/sbin:/sbin:/Applications/Postgres.app/Contents/Versions/latest/bin
SHELL=/bin/zsh

Signal Handlers:
SIGSEGV: [libjvm.dylib+0x79ac14], sa_mask[0]=11111111011111110111111111111111, sa_flags=SA_ONSTACK|SA_RESTART|SA_SIGINFO
SIGBUS: [libjvm.dylib+0x79ac14], sa_mask[0]=11111111011111110111111111111111, sa_flags=SA_RESTART|SA_SIGINFO
SIGFPE: [libjvm.dylib+0x79ac14], sa_mask[0]=11111111011111110111111111111111, sa_flags=SA_RESTART|SA_SIGINFO
SIGPIPE: [libjvm.dylib+0x635960], sa_mask[0]=11111111011111110111111111111111, sa_flags=SA_RESTART|SA_SIGINFO
SIGXFSZ: [libjvm.dylib+0x635960], sa_mask[0]=11111111011111110111111111111111, sa_flags=SA_RESTART|SA_SIGINFO
SIGILL: [libjvm.dylib+0x79ac14], sa_mask[0]=11111111011111110111111111111111, sa_flags=SA_RESTART|SA_SIGINFO
SIGUSR2: [libjvm.dylib+0x6361f0], sa_mask[0]=00100000000000000000000000000000, sa_flags=SA_RESTART|SA_SIGINFO
SIGHUP: [libjvm.dylib+0x6349db], sa_mask[0]=11111111011111110111111111111111, sa_flags=SA_RESTART|SA_SIGINFO
SIGINT: [libjvm.dylib+0x6349db], sa_mask[0]=11111111011111110111111111111111, sa_flags=SA_RESTART|SA_SIGINFO
SIGTERM: [libjvm.dylib+0x6349db], sa_mask[0]=11111111011111110111111111111111, sa_flags=SA_RESTART|SA_SIGINFO
SIGQUIT: [libjvm.dylib+0x6349db], sa_mask[0]=11111111011111110111111111111111, sa_flags=SA_RESTART|SA_SIGINFO


---------------  S Y S T E M  ---------------

OS:uname:Darwin 18.2.0 Darwin Kernel Version 18.2.0: Fri Oct  5 19:41:49 PDT 2018; root:xnu-4903.221.2~2/RELEASE_X86_64 x86_64
rlimit: STACK 8192k, CORE 0k, NPROC 709, NOFILE 10240, AS infinity, DATA infinity, FSIZE infinity
load average:3.95 3.44 3.41

CPU:total 4 (initial active 4) (2 cores per cpu, 2 threads per core) family 6 model 142 stepping 9, cmov, cx8, fxsr, mmx, sse, sse2, sse3, ssse3, sse4.1, sse4.2, popcnt, avx, avx2, aes, clmul, erms, 3dnowpref, lzcnt, ht, tsc, tscinvbit, bmi1, bmi2, adx, fma

Memory: 4k page, physical 8388608k(26844k free)

vm_info: Java HotSpot(TM) 64-Bit Server VM (10.0.2+13) for bsd-amd64 JRE (10.0.2+13), built on Jun 28 2018 00:49:51 by "mach5one" with gcc 4.2.1 Compatible Apple LLVM 6.1.0 (clang-602.0.49)

END.
